<?xml version="1.0" encoding="utf-8"?><testsuites name="pytest tests"><testsuite name="pytest" errors="0" failures="0" skipped="0" tests="9" time="21.275" timestamp="2026-05-13T19:27:46.092755+00:00" hostname="agent-env-08f57f92-d2c0-4793-93da-868f95eea959"><testcase classname="backend.tests.test_mark_quote_paid.TestMarkQuotePaidEndpoint" name="test_mark_quote_paid_returns_404_for_nonexistent_id" time="1.027" /><testcase classname="backend.tests.test_mark_quote_paid.TestMarkQuotePaidEndpoint" name="test_mark_quote_paid_returns_409_if_already_converted" time="4.080" /><testcase classname="backend.tests.test_mark_quote_paid.TestMarkQuotePaidEndpoint" name="test_mark_quote_paid_returns_400_if_contact_has_no_email" time="1.409" /><testcase classname="backend.tests.test_mark_quote_paid.TestMarkQuotePaidEndpoint" name="test_mark_quote_paid_returns_400_if_no_contact" time="1.359" /><testcase classname="backend.tests.test_mark_quote_paid.TestMarkQuotePaidEndpoint" name="test_mark_quote_paid_nominal_case" time="5.108" /><testcase classname="backend.tests.test_mark_quote_paid.TestMarkQuotePaidEndpoint" name="test_mark_quote_paid_certification_for_congo_demo" time="3.695" /><testcase classname="backend.tests.test_mark_quote_paid.TestPublicSignatureNoAutoConvert" name="test_public_signature_does_not_auto_convert" time="2.111" /><testcase classname="backend.tests.test_mark_quote_paid.TestInvoicePdfEndpoint" name="test_pdf_endpoint_returns_valid_pdf" time="1.598" /><testcase classname="backend.tests.test_mark_quote_paid.TestInvoicePdfEndpoint" name="test_pdf_endpoint_returns_404_for_nonexistent" time="0.699" /></testsuite></testsuites>