<?xml version="1.0" encoding="utf-8"?><testsuites name="pytest tests"><testsuite name="pytest" errors="0" failures="0" skipped="0" tests="18" time="25.307" timestamp="2026-05-04T15:24:27.080246+00:00" hostname="agent-env-08f57f92-d2c0-4793-93da-868f95eea959"><testcase classname="backend.tests.test_subscription.TestAuthTrialStamping" name="test_login_stamps_trial_started_at" time="1.593" /><testcase classname="backend.tests.test_subscription.TestAuthTrialStamping" name="test_login_does_not_block_on_expired_trial" time="2.324" /><testcase classname="backend.tests.test_subscription.TestSubscriptionStatus" name="test_status_returns_correct_plan_for_cg" time="0.606" /><testcase classname="backend.tests.test_subscription.TestSubscriptionStatus" name="test_status_shows_trial_active_for_fresh_company" time="1.430" /><testcase classname="backend.tests.test_subscription.TestSubscriptionCreate" name="test_create_returns_paypal_approve_url" time="1.160" /><testcase classname="backend.tests.test_subscription.TestEnforcementMiddleware" name="test_contacts_blocked_when_trial_expired" time="1.705" /><testcase classname="backend.tests.test_subscription.TestEnforcementMiddleware" name="test_invoices_blocked_when_trial_expired" time="1.765" /><testcase classname="backend.tests.test_subscription.TestEnforcementMiddleware" name="test_employees_blocked_when_trial_expired" time="1.756" /><testcase classname="backend.tests.test_subscription.TestEnforcementMiddleware" name="test_allowlisted_endpoints_still_work" time="2.503" /><testcase classname="backend.tests.test_subscription.TestSuperAdminBypass" name="test_super_admin_bypasses_gate" time="1.745" /><testcase classname="backend.tests.test_subscription.TestWebhook" name="test_webhook_accepts_activation_event" time="0.251" /><testcase classname="backend.tests.test_subscription.TestWebhook" name="test_webhook_accepts_cancelled_event" time="0.214" /><testcase classname="backend.tests.test_subscription.TestWebhook" name="test_webhook_handles_missing_custom_id" time="0.213" /><testcase classname="backend.tests.test_subscription.TestSubscriptionCancel" name="test_cancel_sets_status_cancelled" time="1.170" /><testcase classname="backend.tests.test_subscription.TestRegressionTrialActive" name="test_contacts_work_during_trial" time="1.451" /><testcase classname="backend.tests.test_subscription.TestRegressionTrialActive" name="test_invoices_work_during_trial" time="1.952" /><testcase classname="backend.tests.test_subscription.TestRegressionTrialActive" name="test_employees_work_during_trial" time="1.496" /><testcase classname="backend.tests.test_subscription.TestRegressionTrialActive" name="test_stats_work_during_trial" time="1.776" /></testsuite></testsuites>