<?xml version="1.0" encoding="utf-8"?><testsuites name="pytest tests"><testsuite name="pytest" errors="0" failures="0" skipped="1" tests="26" time="15.270" timestamp="2026-05-04T13:08:01.849264+00:00" hostname="agent-env-08f57f92-d2c0-4793-93da-868f95eea959"><testcase classname="backend.tests.test_phase234_integration.TestAuth" name="test_login_success" time="0.712" /><testcase classname="backend.tests.test_phase234_integration.TestPhase4Stats" name="test_stats_endpoint_returns_phase4_fields" time="0.965" /><testcase classname="backend.tests.test_phase234_integration.TestPhase4Stats" name="test_outstanding_invoices_structure" time="0.549" /><testcase classname="backend.tests.test_phase234_integration.TestPhase4Stats" name="test_top_clients_structure" time="0.550" /><testcase classname="backend.tests.test_phase234_integration.TestPhase4Stats" name="test_upcoming_leaves_structure" time="0.551" /><testcase classname="backend.tests.test_phase234_integration.TestPhase4Stats" name="test_expiring_contracts_structure" time="0.558" /><testcase classname="backend.tests.test_phase234_integration.TestPhase4Stats" name="test_low_stock_structure" time="0.556" /><testcase classname="backend.tests.test_phase234_integration.TestPhase4Stats" name="test_pending_leaves_count" time="0.601" /><testcase classname="backend.tests.test_phase234_integration.TestPhase4Stats" name="test_monthly_data_has_12_entries" time="0.549" /><testcase classname="backend.tests.test_phase234_integration.TestPhase3ResourceBroadcast" name="test_contact_post_triggers_broadcast" time="1.012" /><testcase classname="backend.tests.test_phase234_integration.TestPhase3ResourceBroadcast" name="test_invoice_post_triggers_broadcast" time="1.293" /><testcase classname="backend.tests.test_phase234_integration.TestPhase3ResourceBroadcast" name="test_product_put_triggers_broadcast" time="0.216"><skipped type="pytest.skip" message="No products available for update test">/app/backend/tests/test_phase234_integration.py:289: No products available for update test</skipped></testcase><testcase classname="backend.tests.test_phase234_integration.TestPhase3ResourceBroadcast" name="test_employee_post_triggers_broadcast" time="0.685" /><testcase classname="backend.tests.test_phase234_integration.TestPhase3ResourceBroadcast" name="test_leave_request_post_triggers_broadcast" time="0.719" /><testcase classname="backend.tests.test_phase234_integration.TestPhase3ResourceBroadcast" name="test_project_post_triggers_broadcast" time="0.492" /><testcase classname="backend.tests.test_phase234_integration.TestPhase3ResourceBroadcast" name="test_journal_entry_post_triggers_broadcast" time="0.628" /><testcase classname="backend.tests.test_phase234_integration.TestPhase2CRMContactDetail" name="test_contacts_endpoint_works" time="0.642" /><testcase classname="backend.tests.test_phase234_integration.TestPhase2CRMContactDetail" name="test_invoices_endpoint_for_contact_filtering" time="0.666" /><testcase classname="backend.tests.test_phase234_integration.TestPhase2CRMContactDetail" name="test_projects_endpoint_for_contact_filtering" time="0.217" /><testcase classname="backend.tests.test_phase234_integration.TestPhase2HREmployeeDetail" name="test_employees_endpoint_works" time="0.589" /><testcase classname="backend.tests.test_phase234_integration.TestPhase2HREmployeeDetail" name="test_contracts_endpoint_works" time="0.214" /><testcase classname="backend.tests.test_phase234_integration.TestPhase2HREmployeeDetail" name="test_payslips_endpoint_works" time="0.252" /><testcase classname="backend.tests.test_phase234_integration.TestPhase2HREmployeeDetail" name="test_leaves_endpoint_works" time="0.212" /><testcase classname="backend.tests.test_phase234_integration.TestPhase2HREmployeeDetail" name="test_tasks_endpoint_works" time="0.211" /><testcase classname="backend.tests.test_phase234_integration.TestRegressionPhase1Automations" name="test_employee_creation_auto_contract" time="1.087" /><testcase classname="backend.tests.test_phase234_integration.TestRegressionPhase1Automations" name="test_public_signature_endpoints_exist" time="0.418" /></testsuite></testsuites>