<?xml version="1.0" encoding="utf-8"?><testsuites name="pytest tests"><testsuite name="pytest" errors="0" failures="0" skipped="0" tests="17" time="12.819" timestamp="2026-04-16T23:10:22.495674+00:00" hostname="agent-env-08f57f92-d2c0-4793-93da-868f95eea959"><testcase classname="backend.tests.test_smartdesk_api.TestAuthentication" name="test_super_admin_login" time="1.809" /><testcase classname="backend.tests.test_smartdesk_api.TestAuthentication" name="test_demo1_login_with_demoMode" time="0.427" /><testcase classname="backend.tests.test_smartdesk_api.TestAuthentication" name="test_demo2_login" time="0.398" /><testcase classname="backend.tests.test_smartdesk_api.TestAuthentication" name="test_login_wrong_password" time="0.296" /><testcase classname="backend.tests.test_smartdesk_api.TestAuthentication" name="test_auth_me_with_valid_token" time="0.666" /><testcase classname="backend.tests.test_smartdesk_api.TestAuthentication" name="test_auth_me_without_token" time="0.154" /><testcase classname="backend.tests.test_smartdesk_api.TestRLSIsolation" name="test_demo1_contacts_isolation" time="0.659" /><testcase classname="backend.tests.test_smartdesk_api.TestRLSIsolation" name="test_demo2_contacts_isolation" time="0.616" /><testcase classname="backend.tests.test_smartdesk_api.TestRLSIsolation" name="test_cross_tenant_delete_attack" time="1.664" /><testcase classname="backend.tests.test_smartdesk_api.TestRLSIsolation" name="test_spoofing_companyId_on_create" time="1.901" /><testcase classname="backend.tests.test_smartdesk_api.TestEventsIsolation" name="test_demo1_events_isolation" time="0.615" /><testcase classname="backend.tests.test_smartdesk_api.TestEventsIsolation" name="test_create_event_with_correct_companyId" time="1.160" /><testcase classname="backend.tests.test_smartdesk_api.TestAdminEndpoints" name="test_admin_stats" time="0.708" /><testcase classname="backend.tests.test_smartdesk_api.TestAdminEndpoints" name="test_admin_companies_by_type" time="0.618" /><testcase classname="backend.tests.test_smartdesk_api.TestAdminEndpoints" name="test_admin_companies_by_type_forbidden_for_demo_user" time="0.624" /><testcase classname="backend.tests.test_smartdesk_api.TestUnauthorizedAccess" name="test_contacts_without_token" time="0.185" /><testcase classname="backend.tests.test_smartdesk_api.TestUnauthorizedAccess" name="test_events_without_token" time="0.163" /></testsuite></testsuites>