<?xml version="1.0" encoding="utf-8"?><testsuites name="pytest tests"><testsuite name="pytest" errors="0" failures="0" skipped="0" tests="10" time="24.783" timestamp="2026-05-04T12:39:33.156835+00:00" hostname="agent-env-08f57f92-d2c0-4793-93da-868f95eea959"><testcase classname="backend.tests.test_automations.TestEmployeeAutoContract" name="test_create_employee_auto_contract" time="1.372" /><testcase classname="backend.tests.test_automations.TestEmployeeAutoContract" name="test_employee_auto_contract_idempotency" time="1.799" /><testcase classname="backend.tests.test_automations.TestContractSignedAutoPayslip" name="test_contract_signed_auto_payslip" time="1.869" /><testcase classname="backend.tests.test_automations.TestContractSignedAutoPayslip" name="test_contract_signed_payslip_idempotency" time="2.693" /><testcase classname="backend.tests.test_automations.TestInvoicePaidAutoJournal" name="test_invoice_paid_auto_journal" time="2.917" /><testcase classname="backend.tests.test_automations.TestInvoicePaidAutoJournal" name="test_invoice_paid_journal_idempotency" time="3.111" /><testcase classname="backend.tests.test_automations.TestQuoteSignedAutoInvoice" name="test_quote_signed_internal_auto_invoice" time="3.616" /><testcase classname="backend.tests.test_automations.TestQuoteSignedAutoInvoice" name="test_public_quote_sign_auto_invoice" time="2.592" /><testcase classname="backend.tests.test_automations.TestPublicContractSignAutoPayslip" name="test_public_contract_sign_auto_payslip" time="2.187" /><testcase classname="backend.tests.test_automations.TestCleanup" name="test_cleanup_test_data" time="2.558" /></testsuite></testsuites>