<?xml version="1.0" encoding="utf-8"?><testsuites name="pytest tests"><testsuite name="pytest" errors="0" failures="0" skipped="0" tests="15" time="7.599" timestamp="2026-04-16T23:35:18.066939+00:00" hostname="agent-env-08f57f92-d2c0-4793-93da-868f95eea959"><testcase classname="backend.tests.test_cookie_auth_migration.TestCookieAuthLogin" name="test_login_sets_cookie_header" time="0.414" /><testcase classname="backend.tests.test_cookie_auth_migration.TestCookieAuthLogin" name="test_login_response_no_token_field" time="0.372" /><testcase classname="backend.tests.test_cookie_auth_migration.TestCookieAuthLogin" name="test_demo1_login_returns_isDemo_true" time="0.386" /><testcase classname="backend.tests.test_cookie_auth_migration.TestCookieAuthLogin" name="test_super_admin_login_returns_role" time="0.372" /><testcase classname="backend.tests.test_cookie_auth_migration.TestCookieAuthMe" name="test_auth_me_without_cookie_returns_401" time="0.178" /><testcase classname="backend.tests.test_cookie_auth_migration.TestCookieAuthMe" name="test_auth_me_with_cookie_returns_200" time="0.634" /><testcase classname="backend.tests.test_cookie_auth_migration.TestCookieAuthLogout" name="test_logout_clears_cookie" time="0.615" /><testcase classname="backend.tests.test_cookie_auth_migration.TestCookieAuthLogout" name="test_auth_me_after_logout_returns_401" time="0.889" /><testcase classname="backend.tests.test_cookie_auth_migration.TestPreferencesPersistence" name="test_put_preferences_returns_200" time="0.597" /><testcase classname="backend.tests.test_cookie_auth_migration.TestPreferencesPersistence" name="test_preferences_shallow_merge" time="0.852" /><testcase classname="backend.tests.test_cookie_auth_migration.TestBackwardCompatibility" name="test_bearer_token_still_works" time="0.670" /><testcase classname="backend.tests.test_cookie_auth_migration.TestRLSWithCookieAuth" name="test_demo1_contacts_isolation_with_cookie" time="0.609" /><testcase classname="backend.tests.test_cookie_auth_migration.TestRLSWithCookieAuth" name="test_demo2_contacts_isolation_with_cookie" time="0.570" /><testcase classname="backend.tests.test_cookie_auth_migration.TestUnauthorizedAccess" name="test_contacts_without_auth_returns_401" time="0.184" /><testcase classname="backend.tests.test_cookie_auth_migration.TestUnauthorizedAccess" name="test_preferences_without_auth_returns_401" time="0.186" /></testsuite></testsuites>