<?xml version="1.0" encoding="utf-8"?><testsuites name="pytest tests"><testsuite name="pytest" errors="0" failures="0" skipped="0" tests="7" time="5.929" timestamp="2026-06-01T17:12:22.360828+00:00" hostname="agent-env-08f57f92-d2c0-4793-93da-868f95eea959"><testcase classname="tests.test_subscription_auth.TestSuperAdminLogin" name="test_super_admin_login_returns_comp_default" time="0.763" /><testcase classname="tests.test_subscription_auth.TestSuperAdminLogin" name="test_comp_default_is_tbi_center" time="0.788" /><testcase classname="tests.test_subscription_auth.TestAuthLogout" name="test_logout_returns_200" time="0.566" /><testcase classname="tests.test_subscription_auth.TestAuthLogout" name="test_logout_clears_session" time="0.886" /><testcase classname="tests.test_subscription_auth.TestSubscriptionCreate" name="test_subscription_create_returns_approve_url" time="1.146" /><testcase classname="tests.test_subscription_auth.TestSubscriptionCreate" name="test_subscription_create_returns_plan_info" time="0.958" /><testcase classname="tests.test_subscription_auth.TestSubscriptionStatus" name="test_subscription_status_returns_plan_info" time="0.626" /></testsuite></testsuites>