<?xml version="1.0" encoding="utf-8"?><testsuites name="pytest tests"><testsuite name="pytest" errors="0" failures="1" skipped="0" tests="15" time="6.525" timestamp="2026-06-01T21:33:30.222740+00:00" hostname="agent-env-08f57f92-d2c0-4793-93da-868f95eea959"><testcase classname="backend.tests.test_subscription_resubscribe.TestSubscriptionStatusAccess" name="test_suspended_account_returns_blocked" time="1.021" /><testcase classname="backend.tests.test_subscription_resubscribe.TestSubscriptionStatusAccess" name="test_active_account_returns_allowed" time="0.636" /><testcase classname="backend.tests.test_subscription_resubscribe.TestSubscriptionStatusAccess" name="test_super_admin_bypass" time="0.721" /><testcase classname="backend.tests.test_subscription_resubscribe.TestSubscriptionCreate" name="test_create_for_suspended_with_existing_subscription_id" time="1.680" /><testcase classname="backend.tests.test_subscription_resubscribe.TestSubscriptionCreate" name="test_approve_url_does_not_have_landing_page_billing" time="1.127" /><testcase classname="backend.tests.test_subscription_resubscribe.TestSubscriptionActivate" name="test_activate_endpoint_exists" time="0.220" /><testcase classname="backend.tests.test_subscription_resubscribe.TestSubscriptionActivate" name="test_activate_with_no_subscription_returns_error" time="0.863" /><testcase classname="backend.tests.test_subscription_resubscribe.TestStatusMappingCodeReview" name="test_approved_maps_to_active" time="0.003" /><testcase classname="backend.tests.test_subscription_resubscribe.TestStatusMappingCodeReview" name="test_approval_pending_maps_to_pending" time="0.002" /><testcase classname="backend.tests.test_subscription_resubscribe.TestStatusMappingCodeReview" name="test_suspended_cancelled_expired_mappings" time="0.002" /><testcase classname="backend.tests.test_subscription_resubscribe.TestCancelOldSubscriptionOnCreate" name="test_cancel_old_subscription_code_exists" time="0.002" /><testcase classname="backend.tests.test_subscription_resubscribe.TestCancelOldSubscriptionOnCreate" name="test_cancel_failure_is_non_fatal" time="0.002" /><testcase classname="backend.tests.test_subscription_resubscribe.TestFrontendSubscriptionGate" name="test_no_landing_page_billing_in_frontend" time="0.002" /><testcase classname="backend.tests.test_subscription_resubscribe.TestFrontendSubscriptionGate" name="test_redirect_to_approve_url" time="0.002" /><testcase classname="backend.tests.test_subscription_resubscribe.TestCleanup" name="test_reset_test_company_status" time="0.023"><failure message="assert ('Reset rows: 1' in '' or 'Error' not in '[eval]:6\np...s v20.20.2\n'&#10; +  where '' = CompletedProcess(args=['node', '-e', '\nconst { Pool } = require(\'pg\');\nconst pool = new Pool({ \n  connectionString: \'postgresql://neondb_owner:npg_j5oWLtA6DrXs@ep-twilight-hat-adrtam2f-pooler.c-2.us-east-1.aws.neon.tech/neondb?sslmode=require\'\n});\npool.query(\\`UPDATE companies SET &quot;subscriptionStatus&quot;=\'suspended\', &quot;paypalSubscriptionId&quot;=\'OLD-FAKE-ID\' WHERE id=\'sa-test-1778785015\'\\`)\n  .then(r =&gt; console.log(\'Reset rows:\', r.rowCount))\n  .catch(e =&gt; console.error(\'Error:\', e.message))\n  .finally(() =&gt; pool.end());\n'], returncode=1, stdout='', stderr='[eval]:6\npool.query(\\`UPDATE companies SET &quot;subscriptionStatus&quot;=\'suspended\', &quot;paypalSubscriptionId&quot;=\'OLD-FAKE-ID\' WHERE id=\'sa-test-1778785015\'\\`)\n           ^\n\nSyntaxError: Invalid or unexpected token\n    at makeContextifyScript (node:internal/vm:185:14)\n    at node:internal/process/execution:107:22\n    at [eval]-wrapper:6:24\n    at runScript (node:internal/process/execution:101:62)\n    at evalScript (node:internal/process/execution:133:3)\n    at node:internal/main/eval_string:51:3\n\nNode.js v20.20.2\n').stdout&#10;  &#10;  'Error' is contained here:&#10;    [eval]:6&#10;    pool.query(\`UPDATE companies SET &quot;subscriptionStatus&quot;='suspended', &quot;paypalSubscriptionId&quot;='OLD-FAKE-ID' WHERE id='sa-test-1778785015'\`)&#10;               ^&#10;    &#10;    SyntaxError: Invalid or unexpected token...&#10;  &#10;  ...Full output truncated (9 lines hidden), use '-vv' to show)">backend/tests/test_subscription_resubscribe.py:331: in test_reset_test_company_status
    assert "Reset rows: 1" in result.stdout or "Error" not in result.stderr
E   assert ('Reset rows: 1' in '' or 'Error' not in '[eval]:6\np...s v20.20.2\n'
E    +  where '' = CompletedProcess(args=['node', '-e', '\nconst { Pool } = require(\'pg\');\nconst pool = new Pool({ \n  connectionString: \'postgresql://neondb_owner:npg_j5oWLtA6DrXs@ep-twilight-hat-adrtam2f-pooler.c-2.us-east-1.aws.neon.tech/neondb?sslmode=require\'\n});\npool.query(\\`UPDATE companies SET "subscriptionStatus"=\'suspended\', "paypalSubscriptionId"=\'OLD-FAKE-ID\' WHERE id=\'sa-test-1778785015\'\\`)\n  .then(r =&gt; console.log(\'Reset rows:\', r.rowCount))\n  .catch(e =&gt; console.error(\'Error:\', e.message))\n  .finally(() =&gt; pool.end());\n'], returncode=1, stdout='', stderr='[eval]:6\npool.query(\\`UPDATE companies SET "subscriptionStatus"=\'suspended\', "paypalSubscriptionId"=\'OLD-FAKE-ID\' WHERE id=\'sa-test-1778785015\'\\`)\n           ^\n\nSyntaxError: Invalid or unexpected token\n    at makeContextifyScript (node:internal/vm:185:14)\n    at node:internal/process/execution:107:22\n    at [eval]-wrapper:6:24\n    at runScript (node:internal/process/execution:101:62)\n    at evalScript (node:internal/process/execution:133:3)\n    at node:internal/main/eval_string:51:3\n\nNode.js v20.20.2\n').stdout
E     
E     'Error' is contained here:
E       [eval]:6
E       pool.query(\`UPDATE companies SET "subscriptionStatus"='suspended', "paypalSubscriptionId"='OLD-FAKE-ID' WHERE id='sa-test-1778785015'\`)
E                  ^
E       
E       SyntaxError: Invalid or unexpected token...
E     
E     ...Full output truncated (9 lines hidden), use '-vv' to show)</failure></testcase></testsuite></testsuites>