<?xml version="1.0" encoding="utf-8"?><testsuites name="pytest tests"><testsuite name="pytest" errors="0" failures="0" skipped="0" tests="8" time="31.180" timestamp="2026-06-07T13:06:47.361761+00:00" hostname="agent-env-08f57f92-d2c0-4793-93da-868f95eea959"><testcase classname="backend.tests.test_accounting_sync.TestAccountingSync" name="test_01_post_invoice_paid_creates_auto_journal" time="3.876" /><testcase classname="backend.tests.test_accounting_sync.TestAccountingSync" name="test_02_journal_entry_has_correct_accounts" time="3.611" /><testcase classname="backend.tests.test_accounting_sync.TestAccountingSync" name="test_03_journal_entry_amounts_match_invoice" time="3.699" /><testcase classname="backend.tests.test_accounting_sync.TestAccountingSync" name="test_04_idempotence_no_duplicate_journal" time="6.716" /><testcase classname="backend.tests.test_accounting_sync.TestAccountingSync" name="test_05_put_draft_to_paid_triggers_journal" time="6.357" /><testcase classname="backend.tests.test_accounting_sync.TestAccountingSync" name="test_06_manual_journal_entry_creation" time="1.594" /><testcase classname="backend.tests.test_accounting_sync.TestAccountingSync" name="test_07_journal_entry_has_source_ref" time="3.989" /><testcase classname="backend.tests.test_accounting_sync.TestJournalEntryDisplay" name="test_journal_entries_have_account_ids" time="1.269" /></testsuite></testsuites>