<?xml version="1.0" encoding="utf-8"?><testsuites name="pytest tests"><testsuite name="pytest" errors="0" failures="0" skipped="0" tests="10" time="6.662" timestamp="2026-05-10T01:02:22.097351+00:00" hostname="agent-env-08f57f92-d2c0-4793-93da-868f95eea959"><testcase classname="backend.tests.test_onboarding.TestOnboardingEndpoint" name="test_rdc_onboarding_accepts_empty_sfec_key" time="0.989" /><testcase classname="backend.tests.test_onboarding.TestOnboardingEndpoint" name="test_congo_onboarding_accepts_empty_sfec_key" time="0.656" /><testcase classname="backend.tests.test_onboarding.TestOnboardingEndpoint" name="test_congo_onboarding_rejects_short_sfec_key" time="0.555" /><testcase classname="backend.tests.test_onboarding.TestOnboardingEndpoint" name="test_congo_onboarding_accepts_valid_sfec_key" time="0.634" /><testcase classname="backend.tests.test_onboarding.TestOnboardingEndpoint" name="test_onboarding_persists_new_fields" time="0.647" /><testcase classname="backend.tests.test_onboarding.TestCompanySettingsEndpoint" name="test_settings_update_new_fields" time="1.058" /><testcase classname="backend.tests.test_onboarding.TestCompanySettingsEndpoint" name="test_settings_returns_has_fiscalization_key_flag" time="0.599" /><testcase classname="backend.tests.test_onboarding.TestLocalizationRegression" name="test_rdc_user_has_correct_country" time="0.404" /><testcase classname="backend.tests.test_onboarding.TestLocalizationRegression" name="test_rdc_user_has_correct_currency" time="0.378" /><testcase classname="backend.tests.test_onboarding.TestLocalizationRegression" name="test_rdc_company_has_ohada_standard" time="0.559" /></testsuite></testsuites>