<?xml version="1.0" encoding="utf-8"?><testsuites name="pytest tests"><testsuite name="pytest" errors="0" failures="0" skipped="2" tests="12" time="11.741" timestamp="2026-05-13T19:06:01.625647+00:00" hostname="agent-env-08f57f92-d2c0-4793-93da-868f95eea959"><testcase classname="backend.tests.test_sales_module.TestQuoteToInvoiceConversion" name="test_create_quote_and_convert" time="3.894" /><testcase classname="backend.tests.test_sales_module.TestQuoteToInvoiceConversion" name="test_duplicate_conversion_blocked" time="0.726" /><testcase classname="backend.tests.test_sales_module.TestJournalEntryAutomation" name="test_journal_entry_created_for_paid_invoice" time="0.186"><skipped type="pytest.skip" message="Journal entries endpoint not available: 404">/app/backend/tests/test_sales_module.py:205: Journal entries endpoint not available: 404</skipped></testcase><testcase classname="backend.tests.test_sales_module.TestDGIDCertification" name="test_certification_available_for_congo_demo" time="1.409"><skipped type="pytest.skip" message="No contacts available to create invoice">/app/backend/tests/test_sales_module.py:264: No contacts available to create invoice</skipped></testcase><testcase classname="backend.tests.test_sales_module.TestDGIDCertification" name="test_rdc_certification_returns_null" time="0.397" /><testcase classname="backend.tests.test_sales_module.TestUsersAndRolesModule" name="test_list_users" time="0.277" /><testcase classname="backend.tests.test_sales_module.TestUsersAndRolesModule" name="test_list_roles" time="0.438" /><testcase classname="backend.tests.test_sales_module.TestUsersAndRolesModule" name="test_create_role" time="1.237" /><testcase classname="backend.tests.test_sales_module.TestUsersAndRolesModule" name="test_create_user" time="1.484" /><testcase classname="backend.tests.test_sales_module.TestStatusDisplay" name="test_quote_sent_status" time="0.398" /><testcase classname="backend.tests.test_sales_module.TestStatusDisplay" name="test_signed_quotes_visible_in_reception" time="0.399" /><testcase classname="backend.tests.test_sales_module.TestPublicQuoteSigning" name="test_public_sign_endpoint_exists" time="0.691" /></testsuite></testsuites>