<?xml version="1.0" encoding="utf-8"?><testsuites name="pytest tests"><testsuite name="pytest" errors="0" failures="0" skipped="0" tests="17" time="14.164" timestamp="2026-05-14T18:17:51.661619+00:00" hostname="agent-env-08f57f92-d2c0-4793-93da-868f95eea959"><testcase classname="backend.tests.test_external_api.TestExternalApiAuthentication" name="test_post_without_api_key_returns_401" time="0.667" /><testcase classname="backend.tests.test_external_api.TestExternalApiAuthentication" name="test_post_with_wrong_api_key_returns_401" time="0.215" /><testcase classname="backend.tests.test_external_api.TestExternalApiAuthentication" name="test_get_without_api_key_returns_401" time="0.200" /><testcase classname="backend.tests.test_external_api.TestExternalApiAuthentication" name="test_bearer_token_authentication_works" time="0.409" /><testcase classname="backend.tests.test_external_api.TestExternalApiValidation" name="test_empty_payload_returns_400_with_missing_fields" time="0.251" /><testcase classname="backend.tests.test_external_api.TestExternalApiValidation" name="test_partial_payload_returns_400_with_remaining_fields" time="0.270" /><testcase classname="backend.tests.test_external_api.TestExternalApiValidation" name="test_invalid_email_returns_400" time="0.241" /><testcase classname="backend.tests.test_external_api.TestExternalApiValidation" name="test_existing_email_returns_409" time="0.315" /><testcase classname="backend.tests.test_external_api.TestExternalApiCompanyCreation" name="test_minimum_payload_creates_company_with_correct_attributes" time="1.317" /><testcase classname="backend.tests.test_external_api.TestExternalApiCompanyCreation" name="test_full_payload_persists_all_optional_fields" time="1.296" /><testcase classname="backend.tests.test_external_api.TestExternalApiCompanyCreation" name="test_cd_country_infers_cdf_currency" time="1.297" /><testcase classname="backend.tests.test_external_api.TestExternalApiLoginAndAccess" name="test_login_with_auto_created_credentials" time="1.714" /><testcase classname="backend.tests.test_external_api.TestExternalApiLoginAndAccess" name="test_external_company_can_access_protected_routes" time="2.253" /><testcase classname="backend.tests.test_external_api.TestExternalApiListing" name="test_list_returns_only_external_companies" time="0.264" /><testcase classname="backend.tests.test_external_api.TestExternalApiListing" name="test_list_includes_recently_created_company" time="1.550" /><testcase classname="backend.tests.test_external_api.TestSuperAdminVisibility" name="test_admin_companies_endpoint_returns_origin_field" time="0.756" /><testcase classname="backend.tests.test_external_api.TestSuperAdminVisibility" name="test_external_companies_visible_to_super_admin" time="0.892" /></testsuite></testsuites>